SF:lib\repositories\quote_api_client.dart
DA:11,1
DA:13,0
DA:15,0
DA:17,0
DA:18,0
DA:20,0
DA:21,0
DA:24,0
DA:25,0
LF:9
LH:1
end_of_record
SF:lib\models\quote.dart
DA:10,0
DA:12,0
DA:13,0
DA:15,0
DA:16,0
DA:21,0
DA:22,0
DA:23,0
DA:48,0
DA:49,0
LF:10
LH:0
end_of_record
SF:lib\bloc\quote_event.dart
DA:4,1
DA:8,1
DA:10,1
DA:11,1
LF:4
LH:4
end_of_record
SF:lib\bloc\quote_state.dart
DA:7,0
DA:9,0
DA:10,0
DA:20,0
DA:22,0
DA:23,0
LF:6
LH:0
end_of_record
SF:lib\bloc\quote_bloc.dart
DA:11,0
DA:13,0
DA:14,0
DA:17,0
DA:18,0
DA:19,0
DA:21,0
DA:22,0
DA:24,0
LF:9
LH:0
end_of_record
SF:lib\repositories\quote_repository.dart
DA:11,1
DA:12,1
DA:14,1
DA:15,3
LF:4
LH:4
end_of_record
